Windows PowerShell
Copyright (C) Microsoft Corporation. Tous droits réservés.

Installez la dernière version de PowerShell pour de nouvelles fonctionnalités et améliorations ! https://aka.ms/PSWindows

PS C:\Users\JOY\Desktop\mon debrideur\mon-debrideur> node -e "require('dotenv').config(); console.log('Clé:', process.env.ALLDEBRID_API_KEY)"
Clé: undefined
PS C:\Users\JOY\Desktop\mon debrideur\mon-debrideur> curl "http://localhost:3000/api/debrid?link=https://example.com" -UseBasicParsing | Select-Object -Expand Content
curl : Impossible de se connecter au serveur distant
Au caractère Ligne:1 : 1
+ curl "http://localhost:3000/api/debrid?link=https://example.com" -Use ...
+ ~~~~~~~~~~~~~~~~~~~~~~~~~~~~~~~~~~~~~~~~~~~~~~~~~~~~~~~~~~~~~~~~~~~~~
    + CategoryInfo          : InvalidOperation : (System.Net.HttpWebRequest:HttpWebRequest) [Invoke-WebRequest], WebEx
   ception
    + FullyQualifiedErrorId : WebCmdletWebResponseException,Microsoft.PowerShell.Commands.InvokeWebRequestCommand

PS C:\Users\JOY\Desktop\mon debrideur\mon-debrideur> node test.js

node:internal/process/promises:394
    triggerUncaughtException(err, true /* fromPromise */);
    ^
AxiosError: Request failed with status code 404
    at settle (C:\Users\JOY\Desktop\mon debrideur\mon-debrideur\node_modules\axios\dist\node\axios.cjs:2031:12)
    at Unzip.handleStreamEnd (C:\Users\JOY\Desktop\mon debrideur\mon-debrideur\node_modules\axios\dist\node\axios.cjs:3148:11)
    at Unzip.emit (node:events:530:35)
    at endReadableNT (node:internal/streams/readable:1698:12)
    at process.processTicksAndRejections (node:internal/process/task_queues:90:21)
    at Axios.request (C:\Users\JOY\Desktop\mon debrideur\mon-debrideur\node_modules\axios\dist\node\axios.cjs:4258:41)
    at process.processTicksAndRejections (node:internal/process/task_queues:105:5)
    at async test (C:\Users\JOY\Desktop\mon debrideur\mon-debrideur\test.js:5:22) {
  code: 'ERR_BAD_REQUEST',
  config: {
    transitional: {
      silentJSONParsing: true,
      forcedJSONParsing: true,
      clarifyTimeoutError: false
    },
    adapter: [ 'xhr', 'http', 'fetch' ],
    transformRequest: [ [Function: transformRequest] ],
    transformResponse: [ [Function: transformResponse] ],
    timeout: 0,
    xsrfCookieName: 'XSRF-TOKEN',
    xsrfHeaderName: 'X-XSRF-TOKEN',
    maxContentLength: -1,
    maxBodyLength: -1,
    env: {
      FormData: [Function: FormData] [FormData] {
        LINE_BREAK: '\r\n',
        DEFAULT_CONTENT_TYPE: 'application/octet-stream'
      },
      Blob: [class Blob]
    },
    validateStatus: [Function: validateStatus],
    headers: Object [AxiosHeaders] {
      Accept: 'application/json, text/plain, */*',
      'Content-Type': undefined,
      'User-Agent': 'axios/1.8.4',
      'Accept-Encoding': 'gzip, compress, deflate, br'
    },
    params: { agent: 'Test', apikey: undefined },
    method: 'get',
    url: 'https://api.alldebrid.com/v4/user/login',
    allowAbsoluteUrls: true,
    data: undefined
  },
  request: <ref *3> ClientRequest {
    _events: [Object: null prototype] {
      abort: [Function (anonymous)],
      aborted: [Function (anonymous)],
      connect: [Function (anonymous)],
      error: [Function (anonymous)],
      socket: [Function (anonymous)],
      timeout: [Function (anonymous)],
      finish: [Function: requestOnFinish]
    },
    _eventsCount: 7,
    _maxListeners: undefined,
    outputData: [],
    outputSize: 0,
    writable: true,
    destroyed: true,
    _last: true,
    chunkedEncoding: false,
    shouldKeepAlive: true,
    maxRequestsOnConnectionReached: false,
    _defaultKeepAlive: true,
    useChunkedEncodingByDefault: false,
    sendDate: false,
    _removedConnection: false,
    _removedContLen: false,
    _removedTE: false,
    strictContentLength: false,
    _contentLength: 0,
    _hasBody: true,
    _trailer: '',
    finished: true,
    _headerSent: true,
    _closed: true,
    _header: 'GET /v4/user/login?agent=Test HTTP/1.1\r\n' +
      'Accept: application/json, text/plain, */*\r\n' +
      'User-Agent: axios/1.8.4\r\n' +
      'Accept-Encoding: gzip, compress, deflate, br\r\n' +
      'Host: api.alldebrid.com\r\n' +
      'Connection: keep-alive\r\n' +
      '\r\n',
    _keepAliveTimeout: 0,
    _onPendingData: [Function: nop],
    agent: Agent {
      _events: [Object: null prototype] {
        free: [Function (anonymous)],
        newListener: [Function: maybeEnableKeylog]
      },
      _eventsCount: 2,
      _maxListeners: undefined,
      defaultPort: 443,
      protocol: 'https:',
      options: [Object: null prototype] {
        keepAlive: true,
        scheduling: 'lifo',
        timeout: 5000,
        noDelay: true,
        path: null
      },
      requests: [Object: null prototype] {},
      sockets: [Object: null prototype] {},
      freeSockets: [Object: null prototype] {
        'api.alldebrid.com:443:::::::::::::::::::::': [
          TLSSocket {
            _tlsOptions: [Object],
            _secureEstablished: true,
            _securePending: false,
            _newSessionPending: false,
            _controlReleased: true,
            secureConnecting: false,
            _SNICallback: null,
            servername: 'api.alldebrid.com',
            alpnProtocol: false,
            authorized: true,
            authorizationError: null,
            encrypted: true,
            _events: [Object: null prototype],
            _eventsCount: 9,
            connecting: false,
            _hadError: false,
            _parent: null,
            _host: 'api.alldebrid.com',
            _closeAfterHandlingError: false,
            _readableState: [ReadableState],
            _writableState: [WritableState],
            allowHalfOpen: false,
            _maxListeners: undefined,
            _sockname: null,
            _pendingData: null,
            _pendingEncoding: '',
            server: undefined,
            _server: null,
            ssl: [TLSWrap],
            _requestCert: true,
            _rejectUnauthorized: true,
            timeout: 5000,
            parser: null,
            _httpMessage: null,
            autoSelectFamilyAttemptedAddresses: [Array],
            [Symbol(alpncallback)]: null,
            [Symbol(res)]: [TLSWrap],
            [Symbol(verified)]: true,
            [Symbol(pendingSession)]: null,
            [Symbol(async_id_symbol)]: -1,
            [Symbol(kHandle)]: [TLSWrap],
            [Symbol(lastWriteQueueSize)]: 0,
            [Symbol(timeout)]: [Timeout],
            [Symbol(kBuffer)]: null,
            [Symbol(kBufferCb)]: null,
            [Symbol(kBufferGen)]: null,
            [Symbol(shapeMode)]: true,
            [Symbol(kCapture)]: false,
            [Symbol(kSetNoDelay)]: false,
            [Symbol(kSetKeepAlive)]: true,
            [Symbol(kSetKeepAliveInitialDelay)]: 1,
            [Symbol(kBytesRead)]: 0,
            [Symbol(kBytesWritten)]: 0,
            [Symbol(connect-options)]: [Object]
          }
        ]
      },
      keepAliveMsecs: 1000,
      keepAlive: true,
      maxSockets: Infinity,
      maxFreeSockets: 256,
      scheduling: 'lifo',
      maxTotalSockets: Infinity,
      totalSocketCount: 1,
      maxCachedSessions: 100,
      _sessionCache: {
        map: {
          'api.alldebrid.com:443:::::::::::::::::::::': Buffer(1323) [Uint8Array] [
             48, 130,   5,  39,   2,   1,   1,   2,   2,   3,   4,   4,
              2,  19,   2,   4,  32,  33, 244, 197,  68, 170, 107,  66,
            176,  67, 238,  88, 178,  77,  85, 144,  21, 201,  35,  39,
            185, 144, 216, 158,   5,   0, 177, 107, 155, 181, 218,   7,
            166,   4,  48,  61,  20, 114, 219, 159,  17, 216,  43, 198,
             68, 126,  39, 138,  60,   4, 231,  65,  30,  63, 110,  86,
            187, 111, 158, 169, 253, 153, 136, 149,  40, 186,  59,   0,
            173,  39,  43,  26,  80,  22, 228, 240,  60,   6, 191, 100,
            226,  58, 198, 161,
            ... 1223 more items
          ]
        },
        list: [ 'api.alldebrid.com:443:::::::::::::::::::::' ]
      },
      [Symbol(shapeMode)]: false,
      [Symbol(kCapture)]: false
    },
    socketPath: undefined,
    method: 'GET',
    maxHeaderSize: undefined,
    insecureHTTPParser: undefined,
    joinDuplicateHeaders: undefined,
    path: '/v4/user/login?agent=Test',
    _ended: true,
    res: IncomingMessage {
      _events: {
        close: [
          [Function (anonymous)],
          [Function: onclose],
          [Function: onclose]
        ],
        error: [
          [Function: onerror],
          [Function: onError],
          [Function: onerror]
        ],
        data: undefined,
        end: [
          [Function: responseOnEnd],
          [Function: onend],
          [Function: onend]
        ],
        readable: undefined,
        finish: [ [Function: onfinish], [Function: onfinish] ]
      },
      _readableState: ReadableState {
        highWaterMark: 16384,
        buffer: [],
        bufferIndex: 0,
        length: 0,
        pipes: [],
        awaitDrainWriters: null,
        [Symbol(kState)]: 110626684
      },
      _maxListeners: undefined,
      socket: null,
      httpVersionMajor: 1,
      httpVersionMinor: 1,
      httpVersion: '1.1',
      complete: true,
      rawHeaders: [
        'Date',
        'Wed, 23 Apr 2025 15:40:54 GMT',
        'Content-Type',
        'application/json',
        'Transfer-Encoding',
        'chunked',
        'Connection',
        'keep-alive',
        'vary',
        'Accept-Encoding',
        'access-control-allow-credentials',
        'true',
        'access-control-allow-methods',
        'GET, POST, OPTIONS',
        'access-control-allow-headers',
        'DNT,X-CustomHeader,Keep-Alive,User-Agent,X-Requested-With,If-Modified-Since,Cache-Control,Content-Type,Content-Range,Range,Authorization',
        'access-control-expose-headers',
        'DNT,X-CustomHeader,Keep-Alive,User-Agent,X-Requested-With,If-Modified-Since,Cache-Control,Content-Type,Content-Range,Range,Authorization',
        'Content-Encoding',
        'gzip',
        'cf-cache-status',
        'DYNAMIC',
        'Server',
        'cloudflare',
        'CF-RAY',
        '934e7648f9a593d1-JNB',
        'alt-svc',
        'h3=":443"; ma=86400'
      ],
      rawTrailers: [],
      joinDuplicateHeaders: undefined,
      aborted: false,
      upgrade: false,
      url: '',
      method: null,
      statusCode: 404,
      statusMessage: 'Not Found',
      client: <ref *1> TLSSocket {
        _tlsOptions: {
          allowHalfOpen: undefined,
          pipe: false,
          secureContext: SecureContext { context: SecureContext {} },
          isServer: false,
          requestCert: true,
          rejectUnauthorized: true,
          session: undefined,
          ALPNProtocols: undefined,
          requestOCSP: undefined,
          enableTrace: undefined,
          pskCallback: undefined,
          highWaterMark: undefined,
          onread: undefined,
          signal: undefined
        },
        _secureEstablished: true,
        _securePending: false,
        _newSessionPending: false,
        _controlReleased: true,
        secureConnecting: false,
        _SNICallback: null,
        servername: 'api.alldebrid.com',
        alpnProtocol: false,
        authorized: true,
        authorizationError: null,
        encrypted: true,
        _events: [Object: null prototype] {
          close: [
            [Function: onSocketCloseDestroySSL],
            [Function],
            [Function: onClose]
          ],
          end: [Function: onReadableStreamEnd],
          error: [Function: bound onceWrapper] {
            listener: [Function: freeSocketErrorListener]
          },
          newListener: [Function: keylogNewListener],
          connect: undefined,
          secure: [Function: onConnectSecure],
          session: [Function (anonymous)],
          free: [Function: onFree],
          timeout: [Function: onTimeout],
          agentRemove: [Function: onRemove],
          data: undefined,
          drain: undefined
        },
        _eventsCount: 9,
        connecting: false,
        _hadError: false,
        _parent: null,
        _host: 'api.alldebrid.com',
        _closeAfterHandlingError: false,
        _readableState: ReadableState {
          highWaterMark: 16384,
          buffer: [],
          bufferIndex: 0,
          length: 0,
          pipes: [],
          awaitDrainWriters: null,
          [Symbol(kState)]: 60303620
        },
        _writableState: WritableState {
          highWaterMark: 16384,
          length: 0,
          corked: 0,
          onwrite: [Function: bound onwrite],
          writelen: 0,
          bufferedIndex: 0,
          pendingcb: 0,
          [Symbol(kState)]: 17563908,
          [Symbol(kBufferedValue)]: null,
          [Symbol(kWriteCbValue)]: null
        },
        allowHalfOpen: false,
        _maxListeners: undefined,
        _sockname: null,
        _pendingData: null,
        _pendingEncoding: '',
        server: undefined,
        _server: null,
        ssl: TLSWrap {
          _parent: TCP {
            reading: [Getter/Setter],
            onconnection: null,
            [Symbol(owner_symbol)]: [Circular *1]
          },
          _parentWrap: null,
          _secureContext: SecureContext { context: SecureContext {} },
          reading: true,
          onkeylog: [Function: onkeylog],
          onhandshakestart: [Function: noop],
          onhandshakedone: [Function (anonymous)],
          onocspresponse: [Function: onocspresponse],
          onnewsession: [Function: onnewsessionclient],
          onerror: [Function: onerror],
          [Symbol(owner_symbol)]: [Circular *1]
        },
        _requestCert: true,
        _rejectUnauthorized: true,
        timeout: 5000,
        parser: null,
        _httpMessage: null,
        autoSelectFamilyAttemptedAddresses: [ '172.67.12.185:443' ],
        [Symbol(alpncallback)]: null,
        [Symbol(res)]: TLSWrap {
          _parent: TCP {
            reading: [Getter/Setter],
            onconnection: null,
            [Symbol(owner_symbol)]: [Circular *1]
          },
          _parentWrap: null,
          _secureContext: SecureContext { context: SecureContext {} },
          reading: true,
          onkeylog: [Function: onkeylog],
          onhandshakestart: [Function: noop],
          onhandshakedone: [Function (anonymous)],
          onocspresponse: [Function: onocspresponse],
          onnewsession: [Function: onnewsessionclient],
          onerror: [Function: onerror],
          [Symbol(owner_symbol)]: [Circular *1]
        },
        [Symbol(verified)]: true,
        [Symbol(pendingSession)]: null,
        [Symbol(async_id_symbol)]: -1,
        [Symbol(kHandle)]: TLSWrap {
          _parent: TCP {
            reading: [Getter/Setter],
            onconnection: null,
            [Symbol(owner_symbol)]: [Circular *1]
          },
          _parentWrap: null,
          _secureContext: SecureContext { context: SecureContext {} },
          reading: true,
          onkeylog: [Function: onkeylog],
          onhandshakestart: [Function: noop],
          onhandshakedone: [Function (anonymous)],
          onocspresponse: [Function: onocspresponse],
          onnewsession: [Function: onnewsessionclient],
          onerror: [Function: onerror],
          [Symbol(owner_symbol)]: [Circular *1]
        },
        [Symbol(lastWriteQueueSize)]: 0,
        [Symbol(timeout)]: <ref *2> Timeout {
          _idleTimeout: 5000,
          _idlePrev: TimersList {
            _idleNext: [Circular *2],
            _idlePrev: [Circular *2],
            expiry: 5319,
            id: -9007199254740991,
            msecs: 5000,
            priorityQueuePosition: 1
          },
          _idleNext: TimersList {
            _idleNext: [Circular *2],
            _idlePrev: [Circular *2],
            expiry: 5319,
            id: -9007199254740991,
            msecs: 5000,
            priorityQueuePosition: 1
          },
          _idleStart: 879,
          _onTimeout: [Function: bound ],
          _timerArgs: undefined,
          _repeat: null,
          _destroyed: false,
          [Symbol(refed)]: false,
          [Symbol(kHasPrimitive)]: false,
          [Symbol(asyncId)]: 24,
          [Symbol(triggerId)]: 22,
          [Symbol(kAsyncContextFrame)]: undefined
        },
        [Symbol(kBuffer)]: null,
        [Symbol(kBufferCb)]: null,
        [Symbol(kBufferGen)]: null,
        [Symbol(shapeMode)]: true,
        [Symbol(kCapture)]: false,
        [Symbol(kSetNoDelay)]: false,
        [Symbol(kSetKeepAlive)]: true,
        [Symbol(kSetKeepAliveInitialDelay)]: 1,
        [Symbol(kBytesRead)]: 0,
        [Symbol(kBytesWritten)]: 0,
        [Symbol(connect-options)]: {
          rejectUnauthorized: true,
          ciphers: 'TLS_AES_256_GCM_SHA384:TLS_CHACHA20_POLY1305_SHA256:TLS_AES_128_GCM_SHA256:ECDHE-RSA-AES128-GCM-SHA256:ECDHE-ECDSA-AES128-GCM-SHA256:ECDHE-RSA-AES256-GCM-SHA384:ECDHE-ECDSA-AES256-GCM-SHA384:DHE-RSA-AES128-GCM-SHA256:ECDHE-RSA-AES128-SHA256:DHE-RSA-AES128-SHA256:ECDHE-RSA-AES256-SHA384:DHE-RSA-AES256-SHA384:ECDHE-RSA-AES256-SHA256:DHE-RSA-AES256-SHA256:HIGH:!aNULL:!eNULL:!EXPORT:!DES:!RC4:!MD5:!PSK:!SRP:!CAMELLIA',
          checkServerIdentity: [Function: checkServerIdentity],
          minDHSize: 1024,
          maxRedirects: 21,
          maxBodyLength: Infinity,
          protocol: 'https:',
          path: null,
          method: 'GET',
          headers: [Object: null prototype] {
            Accept: 'application/json, text/plain, */*',
            'User-Agent': 'axios/1.8.4',
            'Accept-Encoding': 'gzip, compress, deflate, br'
          },
          agents: { http: undefined, https: undefined },
          auth: undefined,
          family: undefined,
          beforeRedirect: [Function: dispatchBeforeRedirect],
          beforeRedirects: { proxy: [Function: beforeRedirect] },
          hostname: 'api.alldebrid.com',
          port: 443,
          agent: undefined,
          nativeProtocols: { 'http:': [Object], 'https:': [Object] },
          pathname: '/v4/user/login',
          search: '?agent=Test',
          _defaultAgent: Agent {
            _events: [Object: null prototype],
            _eventsCount: 2,
            _maxListeners: undefined,
            defaultPort: 443,
            protocol: 'https:',
            options: [Object: null prototype],
            requests: [Object: null prototype] {},
            sockets: [Object: null prototype] {},
            freeSockets: [Object: null prototype],
            keepAliveMsecs: 1000,
            keepAlive: true,
            maxSockets: Infinity,
            maxFreeSockets: 256,
            scheduling: 'lifo',
            maxTotalSockets: Infinity,
            totalSocketCount: 1,
            maxCachedSessions: 100,
            _sessionCache: [Object],
            [Symbol(shapeMode)]: false,
            [Symbol(kCapture)]: false
          },
          host: 'api.alldebrid.com',
          keepAlive: true,
          scheduling: 'lifo',
          timeout: 5000,
          noDelay: true,
          servername: 'api.alldebrid.com',
          _agentKey: 'api.alldebrid.com:443:::::::::::::::::::::',
          encoding: null,
          keepAliveInitialDelay: 1000
        }
      },
      _consuming: true,
      _dumped: false,
      req: [Circular *3],
      _eventsCount: 4,
      responseUrl: 'https://api.alldebrid.com/v4/user/login?agent=Test',
      redirects: [],
      [Symbol(shapeMode)]: true,
      [Symbol(kCapture)]: false,
      [Symbol(kHeaders)]: {
        date: 'Wed, 23 Apr 2025 15:40:54 GMT',
        'content-type': 'application/json',
        'transfer-encoding': 'chunked',
        connection: 'keep-alive',
        vary: 'Accept-Encoding',
        'access-control-allow-credentials': 'true',
        'access-control-allow-methods': 'GET, POST, OPTIONS',
        'access-control-allow-headers': 'DNT,X-CustomHeader,Keep-Alive,User-Agent,X-Requested-With,If-Modified-Since,Cache-Control,Content-Type,Content-Range,Range,Authorization',
        'access-control-expose-headers': 'DNT,X-CustomHeader,Keep-Alive,User-Agent,X-Requested-With,If-Modified-Since,Cache-Control,Content-Type,Content-Range,Range,Authorization',
        'cf-cache-status': 'DYNAMIC',
        server: 'cloudflare',
        'cf-ray': '934e7648f9a593d1-JNB',
        'alt-svc': 'h3=":443"; ma=86400'
      },
      [Symbol(kHeadersCount)]: 28,
      [Symbol(kTrailers)]: null,
      [Symbol(kTrailersCount)]: 0
    },
    aborted: false,
    timeoutCb: null,
    upgradeOrConnect: false,
    parser: null,
    maxHeadersCount: null,
    reusedSocket: false,
    host: 'api.alldebrid.com',
    protocol: 'https:',
    _redirectable: Writable {
      _events: {
        close: undefined,
        error: [Function: handleRequestError],
        prefinish: undefined,
        finish: undefined,
        drain: undefined,
        response: [Function: handleResponse],
        socket: [Function: handleRequestSocket]
      },
      _writableState: WritableState {
        highWaterMark: 16384,
        length: 0,
        corked: 0,
        onwrite: [Function: bound onwrite],
        writelen: 0,
        bufferedIndex: 0,
        pendingcb: 0,
        [Symbol(kState)]: 17580812,
        [Symbol(kBufferedValue)]: null
      },
      _maxListeners: undefined,
      _options: {
        maxRedirects: 21,
        maxBodyLength: Infinity,
        protocol: 'https:',
        path: '/v4/user/login?agent=Test',
        method: 'GET',
        headers: [Object: null prototype] {
          Accept: 'application/json, text/plain, */*',
          'User-Agent': 'axios/1.8.4',
          'Accept-Encoding': 'gzip, compress, deflate, br'
        },
        agents: { http: undefined, https: undefined },
        auth: undefined,
        family: undefined,
        beforeRedirect: [Function: dispatchBeforeRedirect],
        beforeRedirects: { proxy: [Function: beforeRedirect] },
        hostname: 'api.alldebrid.com',
        port: '',
        agent: undefined,
        nativeProtocols: {
          'http:': {
            _connectionListener: [Function: connectionListener],
            METHODS: [Array],
            STATUS_CODES: [Object],
            Agent: [Function],
            ClientRequest: [Function: ClientRequest],
            IncomingMessage: [Function: IncomingMessage],
            OutgoingMessage: [Function: OutgoingMessage],
            Server: [Function: Server],
            ServerResponse: [Function: ServerResponse],
            createServer: [Function: createServer],
            validateHeaderName: [Function],
            validateHeaderValue: [Function],
            get: [Function: get],
            request: [Function: request],
            setMaxIdleHTTPParsers: [Function: setMaxIdleHTTPParsers],
            maxHeaderSize: [Getter],
            globalAgent: [Getter/Setter],
            WebSocket: [Getter],
            CloseEvent: [Getter],
            MessageEvent: [Getter]
          },
          'https:': {
            Agent: [Function: Agent],
            globalAgent: [Agent],
            Server: [Function: Server],
            createServer: [Function: createServer],
            get: [Function: get],
            request: [Function: request]
          }
        },
        pathname: '/v4/user/login',
        search: '?agent=Test'
      },
      _ended: true,
      _ending: true,
      _redirectCount: 0,
      _redirects: [],
      _requestBodyLength: 0,
      _requestBodyBuffers: [],
      _eventsCount: 3,
      _onNativeResponse: [Function (anonymous)],
      _currentRequest: [Circular *3],
      _currentUrl: 'https://api.alldebrid.com/v4/user/login?agent=Test',
      [Symbol(shapeMode)]: true,
      [Symbol(kCapture)]: false
    },
    [Symbol(shapeMode)]: false,
    [Symbol(kCapture)]: false,
    [Symbol(kBytesWritten)]: 0,
    [Symbol(kNeedDrain)]: false,
    [Symbol(corked)]: 0,
    [Symbol(kChunkedBuffer)]: [],
    [Symbol(kChunkedLength)]: 0,
    [Symbol(kSocket)]: <ref *1> TLSSocket {
      _tlsOptions: {
        allowHalfOpen: undefined,
        pipe: false,
        secureContext: SecureContext { context: SecureContext {} },
        isServer: false,
        requestCert: true,
        rejectUnauthorized: true,
        session: undefined,
        ALPNProtocols: undefined,
        requestOCSP: undefined,
        enableTrace: undefined,
        pskCallback: undefined,
        highWaterMark: undefined,
        onread: undefined,
        signal: undefined
      },
      _secureEstablished: true,
      _securePending: false,
      _newSessionPending: false,
      _controlReleased: true,
      secureConnecting: false,
      _SNICallback: null,
      servername: 'api.alldebrid.com',
      alpnProtocol: false,
      authorized: true,
      authorizationError: null,
      encrypted: true,
      _events: [Object: null prototype] {
        close: [
          [Function: onSocketCloseDestroySSL],
          [Function: bound onceWrapper] {
            listener: [Function (anonymous)]
          },
          [Function: onClose]
        ],
        end: [Function: onReadableStreamEnd],
        error: [Function: bound onceWrapper] {
          listener: [Function: freeSocketErrorListener]
        },
        newListener: [Function: keylogNewListener],
        connect: undefined,
        secure: [Function: onConnectSecure],
        session: [Function (anonymous)],
        free: [Function: onFree],
        timeout: [Function: onTimeout],
        agentRemove: [Function: onRemove],
        data: undefined,
        drain: undefined
      },
      _eventsCount: 9,
      connecting: false,
      _hadError: false,
      _parent: null,
      _host: 'api.alldebrid.com',
      _closeAfterHandlingError: false,
      _readableState: ReadableState {
        highWaterMark: 16384,
        buffer: [],
        bufferIndex: 0,
        length: 0,
        pipes: [],
        awaitDrainWriters: null,
        [Symbol(kState)]: 60303620
      },
      _writableState: WritableState {
        highWaterMark: 16384,
        length: 0,
        corked: 0,
        onwrite: [Function: bound onwrite],
        writelen: 0,
        bufferedIndex: 0,
        pendingcb: 0,
        [Symbol(kState)]: 17563908,
        [Symbol(kBufferedValue)]: null,
        [Symbol(kWriteCbValue)]: null
      },
      allowHalfOpen: false,
      _maxListeners: undefined,
      _sockname: null,
      _pendingData: null,
      _pendingEncoding: '',
      server: undefined,
      _server: null,
      ssl: TLSWrap {
        _parent: TCP {
          reading: [Getter/Setter],
          onconnection: null,
          [Symbol(owner_symbol)]: [Circular *1]
        },
        _parentWrap: null,
        _secureContext: SecureContext { context: SecureContext {} },
        reading: true,
        onkeylog: [Function: onkeylog],
        onhandshakestart: [Function: noop],
        onhandshakedone: [Function (anonymous)],
        onocspresponse: [Function: onocspresponse],
        onnewsession: [Function: onnewsessionclient],
        onerror: [Function: onerror],
        [Symbol(owner_symbol)]: [Circular *1]
      },
      _requestCert: true,
      _rejectUnauthorized: true,
      timeout: 5000,
      parser: null,
      _httpMessage: null,
      autoSelectFamilyAttemptedAddresses: [ '172.67.12.185:443' ],
      [Symbol(alpncallback)]: null,
      [Symbol(res)]: TLSWrap {
        _parent: TCP {
          reading: [Getter/Setter],
          onconnection: null,
          [Symbol(owner_symbol)]: [Circular *1]
        },
        _parentWrap: null,
        _secureContext: SecureContext { context: SecureContext {} },
        reading: true,
        onkeylog: [Function: onkeylog],
        onhandshakestart: [Function: noop],
        onhandshakedone: [Function (anonymous)],
        onocspresponse: [Function: onocspresponse],
        onnewsession: [Function: onnewsessionclient],
        onerror: [Function: onerror],
        [Symbol(owner_symbol)]: [Circular *1]
      },
      [Symbol(verified)]: true,
      [Symbol(pendingSession)]: null,
      [Symbol(async_id_symbol)]: -1,
      [Symbol(kHandle)]: TLSWrap {
        _parent: TCP {
          reading: [Getter/Setter],
          onconnection: null,
          [Symbol(owner_symbol)]: [Circular *1]
        },
        _parentWrap: null,
        _secureContext: SecureContext { context: SecureContext {} },
        reading: true,
        onkeylog: [Function: onkeylog],
        onhandshakestart: [Function: noop],
        onhandshakedone: [Function (anonymous)],
        onocspresponse: [Function: onocspresponse],
        onnewsession: [Function: onnewsessionclient],
        onerror: [Function: onerror],
        [Symbol(owner_symbol)]: [Circular *1]
      },
      [Symbol(lastWriteQueueSize)]: 0,
      [Symbol(timeout)]: <ref *2> Timeout {
        _idleTimeout: 5000,
        _idlePrev: TimersList {
          _idleNext: [Circular *2],
          _idlePrev: [Circular *2],
          expiry: 5319,
          id: -9007199254740991,
          msecs: 5000,
          priorityQueuePosition: 1
        },
        _idleNext: TimersList {
          _idleNext: [Circular *2],
          _idlePrev: [Circular *2],
          expiry: 5319,
          id: -9007199254740991,
          msecs: 5000,
          priorityQueuePosition: 1
        },
        _idleStart: 879,
        _onTimeout: [Function: bound ],
        _timerArgs: undefined,
        _repeat: null,
        _destroyed: false,
        [Symbol(refed)]: false,
        [Symbol(kHasPrimitive)]: false,
        [Symbol(asyncId)]: 24,
        [Symbol(triggerId)]: 22,
        [Symbol(kAsyncContextFrame)]: undefined
      },
      [Symbol(kBuffer)]: null,
      [Symbol(kBufferCb)]: null,
      [Symbol(kBufferGen)]: null,
      [Symbol(shapeMode)]: true,
      [Symbol(kCapture)]: false,
      [Symbol(kSetNoDelay)]: false,
      [Symbol(kSetKeepAlive)]: true,
      [Symbol(kSetKeepAliveInitialDelay)]: 1,
      [Symbol(kBytesRead)]: 0,
      [Symbol(kBytesWritten)]: 0,
      [Symbol(connect-options)]: {
        rejectUnauthorized: true,
        ciphers: 'TLS_AES_256_GCM_SHA384:TLS_CHACHA20_POLY1305_SHA256:TLS_AES_128_GCM_SHA256:ECDHE-RSA-AES128-GCM-SHA256:ECDHE-ECDSA-AES128-GCM-SHA256:ECDHE-RSA-AES256-GCM-SHA384:ECDHE-ECDSA-AES256-GCM-SHA384:DHE-RSA-AES128-GCM-SHA256:ECDHE-RSA-AES128-SHA256:DHE-RSA-AES128-SHA256:ECDHE-RSA-AES256-SHA384:DHE-RSA-AES256-SHA384:ECDHE-RSA-AES256-SHA256:DHE-RSA-AES256-SHA256:HIGH:!aNULL:!eNULL:!EXPORT:!DES:!RC4:!MD5:!PSK:!SRP:!CAMELLIA',
        checkServerIdentity: [Function: checkServerIdentity],
        minDHSize: 1024,
        maxRedirects: 21,
        maxBodyLength: Infinity,
        protocol: 'https:',
        path: null,
        method: 'GET',
        headers: [Object: null prototype] {
          Accept: 'application/json, text/plain, */*',
          'User-Agent': 'axios/1.8.4',
          'Accept-Encoding': 'gzip, compress, deflate, br'
        },
        agents: { http: undefined, https: undefined },
        auth: undefined,
        family: undefined,
        beforeRedirect: [Function: dispatchBeforeRedirect],
        beforeRedirects: { proxy: [Function: beforeRedirect] },
        hostname: 'api.alldebrid.com',
        port: 443,
        agent: undefined,
        nativeProtocols: {
          'http:': {
            _connectionListener: [Function: connectionListener],
            METHODS: [Array],
            STATUS_CODES: [Object],
            Agent: [Function],
            ClientRequest: [Function: ClientRequest],
            IncomingMessage: [Function: IncomingMessage],
            OutgoingMessage: [Function: OutgoingMessage],
            Server: [Function: Server],
            ServerResponse: [Function: ServerResponse],
            createServer: [Function: createServer],
            validateHeaderName: [Function],
            validateHeaderValue: [Function],
            get: [Function: get],
            request: [Function: request],
            setMaxIdleHTTPParsers: [Function: setMaxIdleHTTPParsers],
            maxHeaderSize: [Getter],
            globalAgent: [Getter/Setter],
            WebSocket: [Getter],
            CloseEvent: [Getter],
            MessageEvent: [Getter]
          },
          'https:': {
            Agent: [Function: Agent],
            globalAgent: [Agent],
            Server: [Function: Server],
            createServer: [Function: createServer],
            get: [Function: get],
            request: [Function: request]
          }
        },
        pathname: '/v4/user/login',
        search: '?agent=Test',
        _defaultAgent: Agent {
          _events: [Object: null prototype] {
            free: [Function (anonymous)],
            newListener: [Function: maybeEnableKeylog]
          },
          _eventsCount: 2,
          _maxListeners: undefined,
          defaultPort: 443,
          protocol: 'https:',
          options: [Object: null prototype] {
            keepAlive: true,
            scheduling: 'lifo',
            timeout: 5000,
            noDelay: true,
            path: null
          },
          requests: [Object: null prototype] {},
          sockets: [Object: null prototype] {},
          freeSockets: [Object: null prototype] {
            'api.alldebrid.com:443:::::::::::::::::::::': [Array]
          },
          keepAliveMsecs: 1000,
          keepAlive: true,
          maxSockets: Infinity,
          maxFreeSockets: 256,
          scheduling: 'lifo',
          maxTotalSockets: Infinity,
          totalSocketCount: 1,
          maxCachedSessions: 100,
          _sessionCache: { map: [Object], list: [Array] },
          [Symbol(shapeMode)]: false,
          [Symbol(kCapture)]: false
        },
        host: 'api.alldebrid.com',
        keepAlive: true,
        scheduling: 'lifo',
        timeout: 5000,
        noDelay: true,
        servername: 'api.alldebrid.com',
        _agentKey: 'api.alldebrid.com:443:::::::::::::::::::::',
        encoding: null,
        keepAliveInitialDelay: 1000
      }
    },
    [Symbol(kOutHeaders)]: [Object: null prototype] {
      accept: [ 'Accept', 'application/json, text/plain, */*' ],
      'user-agent': [ 'User-Agent', 'axios/1.8.4' ],
      'accept-encoding': [ 'Accept-Encoding', 'gzip, compress, deflate, br' ],
      host: [ 'Host', 'api.alldebrid.com' ]
    },
    [Symbol(errored)]: null,
    [Symbol(kHighWaterMark)]: 16384,
    [Symbol(kRejectNonStandardBodyWrites)]: false,
    [Symbol(kUniqueHeaders)]: null
  },
  response: {
    status: 404,
    statusText: 'Not Found',
    headers: Object [AxiosHeaders] {
      date: 'Wed, 23 Apr 2025 15:40:54 GMT',
      'content-type': 'application/json',
      'transfer-encoding': 'chunked',
      connection: 'keep-alive',
      vary: 'Accept-Encoding',
      'access-control-allow-credentials': 'true',
      'access-control-allow-methods': 'GET, POST, OPTIONS',
      'access-control-allow-headers': 'DNT,X-CustomHeader,Keep-Alive,User-Agent,X-Requested-With,If-Modified-Since,Cache-Control,Content-Type,Content-Range,Range,Authorization',
      'access-control-expose-headers': 'DNT,X-CustomHeader,Keep-Alive,User-Agent,X-Requested-With,If-Modified-Since,Cache-Control,Content-Type,Content-Range,Range,Authorization',
      'cf-cache-status': 'DYNAMIC',
      server: 'cloudflare',
      'cf-ray': '934e7648f9a593d1-JNB',
      'alt-svc': 'h3=":443"; ma=86400'
    },
    config: {
      transitional: {
        silentJSONParsing: true,
        forcedJSONParsing: true,
        clarifyTimeoutError: false
      },
      adapter: [ 'xhr', 'http', 'fetch' ],
      transformRequest: [ [Function: transformRequest] ],
      transformResponse: [ [Function: transformResponse] ],
      timeout: 0,
      xsrfCookieName: 'XSRF-TOKEN',
      xsrfHeaderName: 'X-XSRF-TOKEN',
      maxContentLength: -1,
      maxBodyLength: -1,
      env: {
        FormData: [Function: FormData] [FormData] {
          LINE_BREAK: '\r\n',
          DEFAULT_CONTENT_TYPE: 'application/octet-stream'
        },
        Blob: [class Blob]
      },
      validateStatus: [Function: validateStatus],
      headers: Object [AxiosHeaders] {
        Accept: 'application/json, text/plain, */*',
        'Content-Type': undefined,
        'User-Agent': 'axios/1.8.4',
        'Accept-Encoding': 'gzip, compress, deflate, br'
      },
      params: { agent: 'Test', apikey: undefined },
      method: 'get',
      url: 'https://api.alldebrid.com/v4/user/login',
      allowAbsoluteUrls: true,
      data: undefined
    },
    request: <ref *3> ClientRequest {
      _events: [Object: null prototype] {
        abort: [Function (anonymous)],
        aborted: [Function (anonymous)],
        connect: [Function (anonymous)],
        error: [Function (anonymous)],
        socket: [Function (anonymous)],
        timeout: [Function (anonymous)],
        finish: [Function: requestOnFinish]
      },
      _eventsCount: 7,
      _maxListeners: undefined,
      outputData: [],
      outputSize: 0,
      writable: true,
      destroyed: true,
      _last: true,
      chunkedEncoding: false,
      shouldKeepAlive: true,
      maxRequestsOnConnectionReached: false,
      _defaultKeepAlive: true,
      useChunkedEncodingByDefault: false,
      sendDate: false,
      _removedConnection: false,
      _removedContLen: false,
      _removedTE: false,
      strictContentLength: false,
      _contentLength: 0,
      _hasBody: true,
      _trailer: '',
      finished: true,
      _headerSent: true,
      _closed: true,
      _header: 'GET /v4/user/login?agent=Test HTTP/1.1\r\n' +
        'Accept: application/json, text/plain, */*\r\n' +
        'User-Agent: axios/1.8.4\r\n' +
        'Accept-Encoding: gzip, compress, deflate, br\r\n' +
        'Host: api.alldebrid.com\r\n' +
        'Connection: keep-alive\r\n' +
        '\r\n',
      _keepAliveTimeout: 0,
      _onPendingData: [Function: nop],
      agent: Agent {
        _events: [Object: null prototype] {
          free: [Function (anonymous)],
          newListener: [Function: maybeEnableKeylog]
        },
        _eventsCount: 2,
        _maxListeners: undefined,
        defaultPort: 443,
        protocol: 'https:',
        options: [Object: null prototype] {
          keepAlive: true,
          scheduling: 'lifo',
          timeout: 5000,
          noDelay: true,
          path: null
        },
        requests: [Object: null prototype] {},
        sockets: [Object: null prototype] {},
        freeSockets: [Object: null prototype] {
          'api.alldebrid.com:443:::::::::::::::::::::': [ [TLSSocket] ]
        },
        keepAliveMsecs: 1000,
        keepAlive: true,
        maxSockets: Infinity,
        maxFreeSockets: 256,
        scheduling: 'lifo',
        maxTotalSockets: Infinity,
        totalSocketCount: 1,
        maxCachedSessions: 100,
        _sessionCache: {
          map: {
            'api.alldebrid.com:443:::::::::::::::::::::': [Buffer [Uint8Array]]
          },
          list: [ 'api.alldebrid.com:443:::::::::::::::::::::' ]
        },
        [Symbol(shapeMode)]: false,
        [Symbol(kCapture)]: false
      },
      socketPath: undefined,
      method: 'GET',
      maxHeaderSize: undefined,
      insecureHTTPParser: undefined,
      joinDuplicateHeaders: undefined,
      path: '/v4/user/login?agent=Test',
      _ended: true,
      res: IncomingMessage {
        _events: {
          close: [
            [Function (anonymous)],
            [Function: onclose],
            [Function: onclose]
          ],
          error: [
            [Function: onerror],
            [Function: onError],
            [Function: onerror]
          ],
          data: undefined,
          end: [
            [Function: responseOnEnd],
            [Function: onend],
            [Function: onend]
          ],
          readable: undefined,
          finish: [ [Function: onfinish], [Function: onfinish] ]
        },
        _readableState: ReadableState {
          highWaterMark: 16384,
          buffer: [],
          bufferIndex: 0,
          length: 0,
          pipes: [],
          awaitDrainWriters: null,
          [Symbol(kState)]: 110626684
        },
        _maxListeners: undefined,
        socket: null,
        httpVersionMajor: 1,
        httpVersionMinor: 1,
        httpVersion: '1.1',
        complete: true,
        rawHeaders: [
          'Date',
          'Wed, 23 Apr 2025 15:40:54 GMT',
          'Content-Type',
          'application/json',
          'Transfer-Encoding',
          'chunked',
          'Connection',
          'keep-alive',
          'vary',
          'Accept-Encoding',
          'access-control-allow-credentials',
          'true',
          'access-control-allow-methods',
          'GET, POST, OPTIONS',
          'access-control-allow-headers',
          'DNT,X-CustomHeader,Keep-Alive,User-Agent,X-Requested-With,If-Modified-Since,Cache-Control,Content-Type,Content-Range,Range,Authorization',
          'access-control-expose-headers',
          'DNT,X-CustomHeader,Keep-Alive,User-Agent,X-Requested-With,If-Modified-Since,Cache-Control,Content-Type,Content-Range,Range,Authorization',
          'Content-Encoding',
          'gzip',
          'cf-cache-status',
          'DYNAMIC',
          'Server',
          'cloudflare',
          'CF-RAY',
          '934e7648f9a593d1-JNB',
          'alt-svc',
          'h3=":443"; ma=86400'
        ],
        rawTrailers: [],
        joinDuplicateHeaders: undefined,
        aborted: false,
        upgrade: false,
        url: '',
        method: null,
        statusCode: 404,
        statusMessage: 'Not Found',
        client: <ref *1> TLSSocket {
          _tlsOptions: {
            allowHalfOpen: undefined,
            pipe: false,
            secureContext: [SecureContext],
            isServer: false,
            requestCert: true,
            rejectUnauthorized: true,
            session: undefined,
            ALPNProtocols: undefined,
            requestOCSP: undefined,
            enableTrace: undefined,
            pskCallback: undefined,
            highWaterMark: undefined,
            onread: undefined,
            signal: undefined
          },
          _secureEstablished: true,
          _securePending: false,
          _newSessionPending: false,
          _controlReleased: true,
          secureConnecting: false,
          _SNICallback: null,
          servername: 'api.alldebrid.com',
          alpnProtocol: false,
          authorized: true,
          authorizationError: null,
          encrypted: true,
          _events: [Object: null prototype] {
            close: [Array],
            end: [Function: onReadableStreamEnd],
            error: [Function],
            newListener: [Function: keylogNewListener],
            connect: undefined,
            secure: [Function: onConnectSecure],
            session: [Function (anonymous)],
            free: [Function: onFree],
            timeout: [Function: onTimeout],
            agentRemove: [Function: onRemove],
            data: undefined,
            drain: undefined
          },
          _eventsCount: 9,
          connecting: false,
          _hadError: false,
          _parent: null,
          _host: 'api.alldebrid.com',
          _closeAfterHandlingError: false,
          _readableState: ReadableState {
            highWaterMark: 16384,
            buffer: [],
            bufferIndex: 0,
            length: 0,
            pipes: [],
            awaitDrainWriters: null,
            [Symbol(kState)]: 60303620
          },
          _writableState: WritableState {
            highWaterMark: 16384,
            length: 0,
            corked: 0,
            onwrite: [Function: bound onwrite],
            writelen: 0,
            bufferedIndex: 0,
            pendingcb: 0,
            [Symbol(kState)]: 17563908,
            [Symbol(kBufferedValue)]: null,
            [Symbol(kWriteCbValue)]: null
          },
          allowHalfOpen: false,
          _maxListeners: undefined,
          _sockname: null,
          _pendingData: null,
          _pendingEncoding: '',
          server: undefined,
          _server: null,
          ssl: TLSWrap {
            _parent: [TCP],
            _parentWrap: null,
            _secureContext: [SecureContext],
            reading: true,
            onkeylog: [Function: onkeylog],
            onhandshakestart: [Function: noop],
            onhandshakedone: [Function (anonymous)],
            onocspresponse: [Function: onocspresponse],
            onnewsession: [Function: onnewsessionclient],
            onerror: [Function: onerror],
            [Symbol(owner_symbol)]: [Circular *1]
          },
          _requestCert: true,
          _rejectUnauthorized: true,
          timeout: 5000,
          parser: null,
          _httpMessage: null,
          autoSelectFamilyAttemptedAddresses: [ '172.67.12.185:443' ],
          [Symbol(alpncallback)]: null,
          [Symbol(res)]: TLSWrap {
            _parent: [TCP],
            _parentWrap: null,
            _secureContext: [SecureContext],
            reading: true,
            onkeylog: [Function: onkeylog],
            onhandshakestart: [Function: noop],
            onhandshakedone: [Function (anonymous)],
            onocspresponse: [Function: onocspresponse],
            onnewsession: [Function: onnewsessionclient],
            onerror: [Function: onerror],
            [Symbol(owner_symbol)]: [Circular *1]
          },
          [Symbol(verified)]: true,
          [Symbol(pendingSession)]: null,
          [Symbol(async_id_symbol)]: -1,
          [Symbol(kHandle)]: TLSWrap {
            _parent: [TCP],
            _parentWrap: null,
            _secureContext: [SecureContext],
            reading: true,
            onkeylog: [Function: onkeylog],
            onhandshakestart: [Function: noop],
            onhandshakedone: [Function (anonymous)],
            onocspresponse: [Function: onocspresponse],
            onnewsession: [Function: onnewsessionclient],
            onerror: [Function: onerror],
            [Symbol(owner_symbol)]: [Circular *1]
          },
          [Symbol(lastWriteQueueSize)]: 0,
          [Symbol(timeout)]: <ref *2> Timeout {
            _idleTimeout: 5000,
            _idlePrev: [TimersList],
            _idleNext: [TimersList],
            _idleStart: 879,
            _onTimeout: [Function: bound ],
            _timerArgs: undefined,
            _repeat: null,
            _destroyed: false,
            [Symbol(refed)]: false,
            [Symbol(kHasPrimitive)]: false,
            [Symbol(asyncId)]: 24,
            [Symbol(triggerId)]: 22,
            [Symbol(kAsyncContextFrame)]: undefined
          },
          [Symbol(kBuffer)]: null,
          [Symbol(kBufferCb)]: null,
          [Symbol(kBufferGen)]: null,
          [Symbol(shapeMode)]: true,
          [Symbol(kCapture)]: false,
          [Symbol(kSetNoDelay)]: false,
          [Symbol(kSetKeepAlive)]: true,
          [Symbol(kSetKeepAliveInitialDelay)]: 1,
          [Symbol(kBytesRead)]: 0,
          [Symbol(kBytesWritten)]: 0,
          [Symbol(connect-options)]: {
            rejectUnauthorized: true,
            ciphers: 'TLS_AES_256_GCM_SHA384:TLS_CHACHA20_POLY1305_SHA256:TLS_AES_128_GCM_SHA256:ECDHE-RSA-AES128-GCM-SHA256:ECDHE-ECDSA-AES128-GCM-SHA256:ECDHE-RSA-AES256-GCM-SHA384:ECDHE-ECDSA-AES256-GCM-SHA384:DHE-RSA-AES128-GCM-SHA256:ECDHE-RSA-AES128-SHA256:DHE-RSA-AES128-SHA256:ECDHE-RSA-AES256-SHA384:DHE-RSA-AES256-SHA384:ECDHE-RSA-AES256-SHA256:DHE-RSA-AES256-SHA256:HIGH:!aNULL:!eNULL:!EXPORT:!DES:!RC4:!MD5:!PSK:!SRP:!CAMELLIA',
            checkServerIdentity: [Function: checkServerIdentity],
            minDHSize: 1024,
            maxRedirects: 21,
            maxBodyLength: Infinity,
            protocol: 'https:',
            path: null,
            method: 'GET',
            headers: [Object: null prototype],
            agents: [Object],
            auth: undefined,
            family: undefined,
            beforeRedirect: [Function: dispatchBeforeRedirect],
            beforeRedirects: [Object],
            hostname: 'api.alldebrid.com',
            port: 443,
            agent: undefined,
            nativeProtocols: [Object],
            pathname: '/v4/user/login',
            search: '?agent=Test',
            _defaultAgent: [Agent],
            host: 'api.alldebrid.com',
            keepAlive: true,
            scheduling: 'lifo',
            timeout: 5000,
            noDelay: true,
            servername: 'api.alldebrid.com',
            _agentKey: 'api.alldebrid.com:443:::::::::::::::::::::',
            encoding: null,
            keepAliveInitialDelay: 1000
          }
        },
        _consuming: true,
        _dumped: false,
        req: [Circular *3],
        _eventsCount: 4,
        responseUrl: 'https://api.alldebrid.com/v4/user/login?agent=Test',
        redirects: [],
        [Symbol(shapeMode)]: true,
        [Symbol(kCapture)]: false,
        [Symbol(kHeaders)]: {
          date: 'Wed, 23 Apr 2025 15:40:54 GMT',
          'content-type': 'application/json',
          'transfer-encoding': 'chunked',
          connection: 'keep-alive',
          vary: 'Accept-Encoding',
          'access-control-allow-credentials': 'true',
          'access-control-allow-methods': 'GET, POST, OPTIONS',
          'access-control-allow-headers': 'DNT,X-CustomHeader,Keep-Alive,User-Agent,X-Requested-With,If-Modified-Since,Cache-Control,Content-Type,Content-Range,Range,Authorization',
          'access-control-expose-headers': 'DNT,X-CustomHeader,Keep-Alive,User-Agent,X-Requested-With,If-Modified-Since,Cache-Control,Content-Type,Content-Range,Range,Authorization',
          'cf-cache-status': 'DYNAMIC',
          server: 'cloudflare',
          'cf-ray': '934e7648f9a593d1-JNB',
          'alt-svc': 'h3=":443"; ma=86400'
        },
        [Symbol(kHeadersCount)]: 28,
        [Symbol(kTrailers)]: null,
        [Symbol(kTrailersCount)]: 0
      },
      aborted: false,
      timeoutCb: null,
      upgradeOrConnect: false,
      parser: null,
      maxHeadersCount: null,
      reusedSocket: false,
      host: 'api.alldebrid.com',
      protocol: 'https:',
      _redirectable: Writable {
        _events: {
          close: undefined,
          error: [Function: handleRequestError],
          prefinish: undefined,
          finish: undefined,
          drain: undefined,
          response: [Function: handleResponse],
          socket: [Function: handleRequestSocket]
        },
        _writableState: WritableState {
          highWaterMark: 16384,
          length: 0,
          corked: 0,
          onwrite: [Function: bound onwrite],
          writelen: 0,
          bufferedIndex: 0,
          pendingcb: 0,
          [Symbol(kState)]: 17580812,
          [Symbol(kBufferedValue)]: null
        },
        _maxListeners: undefined,
        _options: {
          maxRedirects: 21,
          maxBodyLength: Infinity,
          protocol: 'https:',
          path: '/v4/user/login?agent=Test',
          method: 'GET',
          headers: [Object: null prototype] {
            Accept: 'application/json, text/plain, */*',
            'User-Agent': 'axios/1.8.4',
            'Accept-Encoding': 'gzip, compress, deflate, br'
          },
          agents: { http: undefined, https: undefined },
          auth: undefined,
          family: undefined,
          beforeRedirect: [Function: dispatchBeforeRedirect],
          beforeRedirects: { proxy: [Function: beforeRedirect] },
          hostname: 'api.alldebrid.com',
          port: '',
          agent: undefined,
          nativeProtocols: { 'http:': [Object], 'https:': [Object] },
          pathname: '/v4/user/login',
          search: '?agent=Test'
        },
        _ended: true,
        _ending: true,
        _redirectCount: 0,
        _redirects: [],
        _requestBodyLength: 0,
        _requestBodyBuffers: [],
        _eventsCount: 3,
        _onNativeResponse: [Function (anonymous)],
        _currentRequest: [Circular *3],
        _currentUrl: 'https://api.alldebrid.com/v4/user/login?agent=Test',
        [Symbol(shapeMode)]: true,
        [Symbol(kCapture)]: false
      },
      [Symbol(shapeMode)]: false,
      [Symbol(kCapture)]: false,
      [Symbol(kBytesWritten)]: 0,
      [Symbol(kNeedDrain)]: false,
      [Symbol(corked)]: 0,
      [Symbol(kChunkedBuffer)]: [],
      [Symbol(kChunkedLength)]: 0,
      [Symbol(kSocket)]: <ref *1> TLSSocket {
        _tlsOptions: {
          allowHalfOpen: undefined,
          pipe: false,
          secureContext: SecureContext { context: SecureContext {} },
          isServer: false,
          requestCert: true,
          rejectUnauthorized: true,
          session: undefined,
          ALPNProtocols: undefined,
          requestOCSP: undefined,
          enableTrace: undefined,
          pskCallback: undefined,
          highWaterMark: undefined,
          onread: undefined,
          signal: undefined
        },
        _secureEstablished: true,
        _securePending: false,
        _newSessionPending: false,
        _controlReleased: true,
        secureConnecting: false,
        _SNICallback: null,
        servername: 'api.alldebrid.com',
        alpnProtocol: false,
        authorized: true,
        authorizationError: null,
        encrypted: true,
        _events: [Object: null prototype] {
          close: [
            [Function: onSocketCloseDestroySSL],
            [Function],
            [Function: onClose]
          ],
          end: [Function: onReadableStreamEnd],
          error: [Function: bound onceWrapper] {
            listener: [Function: freeSocketErrorListener]
          },
          newListener: [Function: keylogNewListener],
          connect: undefined,
          secure: [Function: onConnectSecure],
          session: [Function (anonymous)],
          free: [Function: onFree],
          timeout: [Function: onTimeout],
          agentRemove: [Function: onRemove],
          data: undefined,
          drain: undefined
        },
        _eventsCount: 9,
        connecting: false,
        _hadError: false,
        _parent: null,
        _host: 'api.alldebrid.com',
        _closeAfterHandlingError: false,
        _readableState: ReadableState {
          highWaterMark: 16384,
          buffer: [],
          bufferIndex: 0,
          length: 0,
          pipes: [],
          awaitDrainWriters: null,
          [Symbol(kState)]: 60303620
        },
        _writableState: WritableState {
          highWaterMark: 16384,
          length: 0,
          corked: 0,
          onwrite: [Function: bound onwrite],
          writelen: 0,
          bufferedIndex: 0,
          pendingcb: 0,
          [Symbol(kState)]: 17563908,
          [Symbol(kBufferedValue)]: null,
          [Symbol(kWriteCbValue)]: null
        },
        allowHalfOpen: false,
        _maxListeners: undefined,
        _sockname: null,
        _pendingData: null,
        _pendingEncoding: '',
        server: undefined,
        _server: null,
        ssl: TLSWrap {
          _parent: TCP {
            reading: [Getter/Setter],
            onconnection: null,
            [Symbol(owner_symbol)]: [Circular *1]
          },
          _parentWrap: null,
          _secureContext: SecureContext { context: SecureContext {} },
          reading: true,
          onkeylog: [Function: onkeylog],
          onhandshakestart: [Function: noop],
          onhandshakedone: [Function (anonymous)],
          onocspresponse: [Function: onocspresponse],
          onnewsession: [Function: onnewsessionclient],
          onerror: [Function: onerror],
          [Symbol(owner_symbol)]: [Circular *1]
        },
        _requestCert: true,
        _rejectUnauthorized: true,
        timeout: 5000,
        parser: null,
        _httpMessage: null,
        autoSelectFamilyAttemptedAddresses: [ '172.67.12.185:443' ],
        [Symbol(alpncallback)]: null,
        [Symbol(res)]: TLSWrap {
          _parent: TCP {
            reading: [Getter/Setter],
            onconnection: null,
            [Symbol(owner_symbol)]: [Circular *1]
          },
          _parentWrap: null,
          _secureContext: SecureContext { context: SecureContext {} },
          reading: true,
          onkeylog: [Function: onkeylog],
          onhandshakestart: [Function: noop],
          onhandshakedone: [Function (anonymous)],
          onocspresponse: [Function: onocspresponse],
          onnewsession: [Function: onnewsessionclient],
          onerror: [Function: onerror],
          [Symbol(owner_symbol)]: [Circular *1]
        },
        [Symbol(verified)]: true,
        [Symbol(pendingSession)]: null,
        [Symbol(async_id_symbol)]: -1,
        [Symbol(kHandle)]: TLSWrap {
          _parent: TCP {
            reading: [Getter/Setter],
            onconnection: null,
            [Symbol(owner_symbol)]: [Circular *1]
          },
          _parentWrap: null,
          _secureContext: SecureContext { context: SecureContext {} },
          reading: true,
          onkeylog: [Function: onkeylog],
          onhandshakestart: [Function: noop],
          onhandshakedone: [Function (anonymous)],
          onocspresponse: [Function: onocspresponse],
          onnewsession: [Function: onnewsessionclient],
          onerror: [Function: onerror],
          [Symbol(owner_symbol)]: [Circular *1]
        },
        [Symbol(lastWriteQueueSize)]: 0,
        [Symbol(timeout)]: <ref *2> Timeout {
          _idleTimeout: 5000,
          _idlePrev: TimersList {
            _idleNext: [Circular *2],
            _idlePrev: [Circular *2],
            expiry: 5319,
            id: -9007199254740991,
            msecs: 5000,
            priorityQueuePosition: 1
          },
          _idleNext: TimersList {
            _idleNext: [Circular *2],
            _idlePrev: [Circular *2],
            expiry: 5319,
            id: -9007199254740991,
            msecs: 5000,
            priorityQueuePosition: 1
          },
          _idleStart: 879,
          _onTimeout: [Function: bound ],
          _timerArgs: undefined,
          _repeat: null,
          _destroyed: false,
          [Symbol(refed)]: false,
          [Symbol(kHasPrimitive)]: false,
          [Symbol(asyncId)]: 24,
          [Symbol(triggerId)]: 22,
          [Symbol(kAsyncContextFrame)]: undefined
        },
        [Symbol(kBuffer)]: null,
        [Symbol(kBufferCb)]: null,
        [Symbol(kBufferGen)]: null,
        [Symbol(shapeMode)]: true,
        [Symbol(kCapture)]: false,
        [Symbol(kSetNoDelay)]: false,
        [Symbol(kSetKeepAlive)]: true,
        [Symbol(kSetKeepAliveInitialDelay)]: 1,
        [Symbol(kBytesRead)]: 0,
        [Symbol(kBytesWritten)]: 0,
        [Symbol(connect-options)]: {
          rejectUnauthorized: true,
          ciphers: 'TLS_AES_256_GCM_SHA384:TLS_CHACHA20_POLY1305_SHA256:TLS_AES_128_GCM_SHA256:ECDHE-RSA-AES128-GCM-SHA256:ECDHE-ECDSA-AES128-GCM-SHA256:ECDHE-RSA-AES256-GCM-SHA384:ECDHE-ECDSA-AES256-GCM-SHA384:DHE-RSA-AES128-GCM-SHA256:ECDHE-RSA-AES128-SHA256:DHE-RSA-AES128-SHA256:ECDHE-RSA-AES256-SHA384:DHE-RSA-AES256-SHA384:ECDHE-RSA-AES256-SHA256:DHE-RSA-AES256-SHA256:HIGH:!aNULL:!eNULL:!EXPORT:!DES:!RC4:!MD5:!PSK:!SRP:!CAMELLIA',
          checkServerIdentity: [Function: checkServerIdentity],
          minDHSize: 1024,
          maxRedirects: 21,
          maxBodyLength: Infinity,
          protocol: 'https:',
          path: null,
          method: 'GET',
          headers: [Object: null prototype] {
            Accept: 'application/json, text/plain, */*',
            'User-Agent': 'axios/1.8.4',
            'Accept-Encoding': 'gzip, compress, deflate, br'
          },
          agents: { http: undefined, https: undefined },
          auth: undefined,
          family: undefined,
          beforeRedirect: [Function: dispatchBeforeRedirect],
          beforeRedirects: { proxy: [Function: beforeRedirect] },
          hostname: 'api.alldebrid.com',
          port: 443,
          agent: undefined,
          nativeProtocols: { 'http:': [Object], 'https:': [Object] },
          pathname: '/v4/user/login',
          search: '?agent=Test',
          _defaultAgent: Agent {
            _events: [Object: null prototype],
            _eventsCount: 2,
            _maxListeners: undefined,
            defaultPort: 443,
            protocol: 'https:',
            options: [Object: null prototype],
            requests: [Object: null prototype] {},
            sockets: [Object: null prototype] {},
            freeSockets: [Object: null prototype],
            keepAliveMsecs: 1000,
            keepAlive: true,
            maxSockets: Infinity,
            maxFreeSockets: 256,
            scheduling: 'lifo',
            maxTotalSockets: Infinity,
            totalSocketCount: 1,
            maxCachedSessions: 100,
            _sessionCache: [Object],
            [Symbol(shapeMode)]: false,
            [Symbol(kCapture)]: false
          },
          host: 'api.alldebrid.com',
          keepAlive: true,
          scheduling: 'lifo',
          timeout: 5000,
          noDelay: true,
          servername: 'api.alldebrid.com',
          _agentKey: 'api.alldebrid.com:443:::::::::::::::::::::',
          encoding: null,
          keepAliveInitialDelay: 1000
        }
      },
      [Symbol(kOutHeaders)]: [Object: null prototype] {
        accept: [ 'Accept', 'application/json, text/plain, */*' ],
        'user-agent': [ 'User-Agent', 'axios/1.8.4' ],
        'accept-encoding': [ 'Accept-Encoding', 'gzip, compress, deflate, br' ],
        host: [ 'Host', 'api.alldebrid.com' ]
      },
      [Symbol(errored)]: null,
      [Symbol(kHighWaterMark)]: 16384,
      [Symbol(kRejectNonStandardBodyWrites)]: false,
      [Symbol(kUniqueHeaders)]: null
    },
    data: {
      status: 'error',
      error: { code: '404', message: "Endpoint doesn't exist" }
    }
  },
  status: 404
}

Node.js v22.14.0
PS C:\Users\JOY\Desktop\mon debrideur\mon-debrideur>